<<<<<<< HEAD
This is pdfTeX, Version 3.14159265-2.6-1.40.17 (MiKTeX 2.9) (preloaded format=pdflatex 2016.10.8)  2 NOV 2016 19:59
=======
This is pdfTeX, Version 3.14159265-2.6-1.40.17 (MiKTeX 2.9 64-bit) (preloaded format=pdflatex 2016.10.24)  24 OCT 2016 16:16
>>>>>>> origin/master
entering extended mode
**./SeminarArbeitWS1617conf.tex
(SeminarArbeitWS1617conf.tex
LaTeX2e <2016/03/31> patch level 3
Babel <3.9r> and hyphenation patterns for 75 language(s) loaded.
("C:\Program Files\MiKTeX 2.9\tex\latex\ieeetran\IEEEtran.cls"
Document Class: IEEEtran 2015/08/26 V1.8b by Michael Shell
-- See the "IEEEtran_HOWTO" manual for usage information.
-- http://www.michaelshell.org/tex/ieeetran/
\@IEEEtrantmpdimenA=\dimen102
\@IEEEtrantmpdimenB=\dimen103
\@IEEEtrantmpdimenC=\dimen104
\@IEEEtrantmpcountA=\count79
\@IEEEtrantmpcountB=\count80
\@IEEEtrantmpcountC=\count81
\@IEEEtrantmptoksA=\toks14
LaTeX Font Info:    Try loading font information for OT1+ptm on input line 503.

("C:\Program Files\MiKTeX 2.9\tex\latex\psnfss\ot1ptm.fd"
File: ot1ptm.fd 2001/06/04 font definitions for OT1/ptm.
)
-- Using 8.5in x 11in (letter) paper.
-- Using PDF output.
\@IEEEnormalsizeunitybaselineskip=\dimen105
-- This is a 10 point document.
\CLASSINFOnormalsizebaselineskip=\dimen106
\CLASSINFOnormalsizeunitybaselineskip=\dimen107
\IEEEnormaljot=\dimen108
LaTeX Font Info:    Font shape `OT1/ptm/bx/n' in size <5> not available
(Font)              Font shape `OT1/ptm/b/n' tried instead on input line 1090.
LaTeX Font Info:    Font shape `OT1/ptm/bx/it' in size <5> not available
(Font)              Font shape `OT1/ptm/b/it' tried instead on input line 1090.

LaTeX Font Info:    Font shape `OT1/ptm/bx/n' in size <7> not available
(Font)              Font shape `OT1/ptm/b/n' tried instead on input line 1090.
LaTeX Font Info:    Font shape `OT1/ptm/bx/it' in size <7> not available
(Font)              Font shape `OT1/ptm/b/it' tried instead on input line 1090.

LaTeX Font Info:    Font shape `OT1/ptm/bx/n' in size <8> not available
(Font)              Font shape `OT1/ptm/b/n' tried instead on input line 1090.
LaTeX Font Info:    Font shape `OT1/ptm/bx/it' in size <8> not available
(Font)              Font shape `OT1/ptm/b/it' tried instead on input line 1090.

LaTeX Font Info:    Font shape `OT1/ptm/bx/n' in size <9> not available
(Font)              Font shape `OT1/ptm/b/n' tried instead on input line 1090.
LaTeX Font Info:    Font shape `OT1/ptm/bx/it' in size <9> not available
(Font)              Font shape `OT1/ptm/b/it' tried instead on input line 1090.

LaTeX Font Info:    Font shape `OT1/ptm/bx/n' in size <10> not available
(Font)              Font shape `OT1/ptm/b/n' tried instead on input line 1090.
LaTeX Font Info:    Font shape `OT1/ptm/bx/it' in size <10> not available
(Font)              Font shape `OT1/ptm/b/it' tried instead on input line 1090.

LaTeX Font Info:    Font shape `OT1/ptm/bx/n' in size <11> not available
(Font)              Font shape `OT1/ptm/b/n' tried instead on input line 1090.
LaTeX Font Info:    Font shape `OT1/ptm/bx/it' in size <11> not available
(Font)              Font shape `OT1/ptm/b/it' tried instead on input line 1090.

LaTeX Font Info:    Font shape `OT1/ptm/bx/n' in size <12> not available
(Font)              Font shape `OT1/ptm/b/n' tried instead on input line 1090.
LaTeX Font Info:    Font shape `OT1/ptm/bx/it' in size <12> not available
(Font)              Font shape `OT1/ptm/b/it' tried instead on input line 1090.

LaTeX Font Info:    Font shape `OT1/ptm/bx/n' in size <17> not available
(Font)              Font shape `OT1/ptm/b/n' tried instead on input line 1090.
LaTeX Font Info:    Font shape `OT1/ptm/bx/it' in size <17> not available
(Font)              Font shape `OT1/ptm/b/it' tried instead on input line 1090.

LaTeX Font Info:    Font shape `OT1/ptm/bx/n' in size <20> not available
(Font)              Font shape `OT1/ptm/b/n' tried instead on input line 1090.
LaTeX Font Info:    Font shape `OT1/ptm/bx/it' in size <20> not available
(Font)              Font shape `OT1/ptm/b/it' tried instead on input line 1090.

LaTeX Font Info:    Font shape `OT1/ptm/bx/n' in size <24> not available
(Font)              Font shape `OT1/ptm/b/n' tried instead on input line 1090.
LaTeX Font Info:    Font shape `OT1/ptm/bx/it' in size <24> not available
(Font)              Font shape `OT1/ptm/b/it' tried instead on input line 1090.

\IEEEquantizedlength=\dimen109
\IEEEquantizedlengthdiff=\dimen110
\IEEEquantizedtextheightdiff=\dimen111
\IEEEilabelindentA=\dimen112
\IEEEilabelindentB=\dimen113
\IEEEilabelindent=\dimen114
\IEEEelabelindent=\dimen115
\IEEEdlabelindent=\dimen116
\IEEElabelindent=\dimen117
\IEEEiednormlabelsep=\dimen118
\IEEEiedmathlabelsep=\dimen119
\IEEEiedtopsep=\skip41
\c@section=\count82
\c@subsection=\count83
\c@subsubsection=\count84
\c@paragraph=\count85
\c@IEEEsubequation=\count86
\abovecaptionskip=\skip42
\belowcaptionskip=\skip43
\c@figure=\count87
\c@table=\count88
\@IEEEeqnnumcols=\count89
\@IEEEeqncolcnt=\count90
\@IEEEsubeqnnumrollback=\count91
\@IEEEquantizeheightA=\dimen120
\@IEEEquantizeheightB=\dimen121
\@IEEEquantizeheightC=\dimen122
\@IEEEquantizeprevdepth=\dimen123
\@IEEEquantizemultiple=\count92
\@IEEEquantizeboxA=\box26
\@IEEEtmpitemindent=\dimen124
\IEEEPARstartletwidth=\dimen125
\c@IEEEbiography=\count93
\@IEEEtranrubishbin=\box27
<<<<<<< HEAD
) (SeminarArbeitWS1617conf.aux)
=======
) ("C:\Program Files\MiKTeX 2.9\tex\latex\draftwatermark\draftwatermark.sty"
Package: draftwatermark 2015/02/19 1.2 Put a gray textual watermark on document
 pages

("C:\Program Files\MiKTeX 2.9\tex\latex\everypage\everypage.sty"
Package: everypage 2007/06/20 1.1 Hooks to run on every page
)
("C:\Program Files\MiKTeX 2.9\tex\latex\graphics\graphicx.sty"
Package: graphicx 2014/10/28 v1.0g Enhanced LaTeX Graphics (DPC,SPQR)

("C:\Program Files\MiKTeX 2.9\tex\latex\graphics\keyval.sty"
Package: keyval 2014/10/28 v1.15 key=value parser (DPC)
\KV@toks@=\toks15
)
("C:\Program Files\MiKTeX 2.9\tex\latex\graphics\graphics.sty"
Package: graphics 2016/07/10 v1.0t Standard LaTeX Graphics (DPC,SPQR)

("C:\Program Files\MiKTeX 2.9\tex\latex\graphics\trig.sty"
Package: trig 2016/01/03 v1.10 sin cos tan (DPC)
)
("C:\Program Files\MiKTeX 2.9\tex\latex\00miktex\graphics.cfg"
File: graphics.cfg 2016/06/04 v1.11 sample graphics configuration
)
Package graphics Info: Driver file: pdftex.def on input line 99.

("C:\Program Files\MiKTeX 2.9\tex\latex\graphics-def\pdftex.def"
File: pdftex.def 2016/07/10 v0.06j Graphics/color for pdfTeX

("C:\Program Files\MiKTeX 2.9\tex\generic\oberdiek\infwarerr.sty"
Package: infwarerr 2016/05/16 v1.4 Providing info/warning/error messages (HO)
)
("C:\Program Files\MiKTeX 2.9\tex\generic\oberdiek\ltxcmds.sty"
Package: ltxcmds 2016/05/16 v1.23 LaTeX kernel commands for general use (HO)
)
\Gread@gobject=\count94
))
\Gin@req@height=\dimen126
\Gin@req@width=\dimen127
)
("C:\Program Files\MiKTeX 2.9\tex\latex\graphics\color.sty"
Package: color 2016/07/10 v1.1e Standard LaTeX Color (DPC)

("C:\Program Files\MiKTeX 2.9\tex\latex\00miktex\color.cfg"
File: color.cfg 2016/01/02 v1.6 sample color configuration
)
Package color Info: Driver file: pdftex.def on input line 147.
)
\sc@wm@hcenter=\skip44
\sc@wm@vcenter=\skip45
\sc@wm@fontsize=\skip46
)
(SeminarArbeitWS1617conf.aux)
>>>>>>> origin/master
\openout1 = `SeminarArbeitWS1617conf.aux'.

LaTeX Font Info:    Checking defaults for OML/cmm/m/it on input line 262.
LaTeX Font Info:    ... okay on input line 262.
LaTeX Font Info:    Checking defaults for T1/cmr/m/n on input line 262.
LaTeX Font Info:    ... okay on input line 262.
LaTeX Font Info:    Checking defaults for OT1/cmr/m/n on input line 262.
LaTeX Font Info:    ... okay on input line 262.
LaTeX Font Info:    Checking defaults for OMS/cmsy/m/n on input line 262.
LaTeX Font Info:    ... okay on input line 262.
LaTeX Font Info:    Checking defaults for OMX/cmex/m/n on input line 262.
LaTeX Font Info:    ... okay on input line 262.
LaTeX Font Info:    Checking defaults for U/cmr/m/n on input line 262.
LaTeX Font Info:    ... okay on input line 262.

-- Lines per column: 56 (exact).
<<<<<<< HEAD
=======
("C:\Program Files\MiKTeX 2.9\tex\context\base\supp-pdf.mkii"
[Loading MPS to PDF converter (version 2006.09.02).]
\scratchcounter=\count95
\scratchdimen=\dimen128
\scratchbox=\box28
\nofMPsegments=\count96
\nofMParguments=\count97
\everyMPshowfont=\toks16
\MPscratchCnt=\count98
\MPscratchDim=\dimen129
\MPnumerator=\count99
\makeMPintoPDFobject=\count100
\everyMPtoPDFconversion=\toks17
) ("C:\Program Files\MiKTeX 2.9\tex\generic\oberdiek\pdftexcmds.sty"
Package: pdftexcmds 2016/05/21 v0.22 Utility functions of pdfTeX for LuaTeX (HO
)

("C:\Program Files\MiKTeX 2.9\tex\generic\oberdiek\ifluatex.sty"
Package: ifluatex 2016/05/16 v1.4 Provides the ifluatex switch (HO)
Package ifluatex Info: LuaTeX not detected.
)
("C:\Program Files\MiKTeX 2.9\tex\generic\oberdiek\ifpdf.sty"
Package: ifpdf 2016/05/14 v3.1 Provides the ifpdf switch
)
Package pdftexcmds Info: LuaTeX not detected.
Package pdftexcmds Info: \pdf@primitive is available.
Package pdftexcmds Info: \pdf@ifprimitive is available.
Package pdftexcmds Info: \pdfdraftmode found.
)
("C:\Program Files\MiKTeX 2.9\tex\latex\oberdiek\epstopdf-base.sty"
Package: epstopdf-base 2016/05/15 v2.6 Base part for package epstopdf

("C:\Program Files\MiKTeX 2.9\tex\latex\oberdiek\grfext.sty"
Package: grfext 2016/05/16 v1.2 Manage graphics extensions (HO)

("C:\Program Files\MiKTeX 2.9\tex\generic\oberdiek\kvdefinekeys.sty"
Package: kvdefinekeys 2016/05/16 v1.4 Define keys (HO)
))
("C:\Program Files\MiKTeX 2.9\tex\latex\oberdiek\kvoptions.sty"
Package: kvoptions 2016/05/16 v3.12 Key value format for package options (HO)

("C:\Program Files\MiKTeX 2.9\tex\generic\oberdiek\kvsetkeys.sty"
Package: kvsetkeys 2016/05/16 v1.17 Key value parser (HO)

("C:\Program Files\MiKTeX 2.9\tex\generic\oberdiek\etexcmds.sty"
Package: etexcmds 2016/05/16 v1.6 Avoid name clashes with e-TeX commands (HO)
Package etexcmds Info: Could not find \expanded.
(etexcmds)             That can mean that you are not using pdfTeX 1.50 or
(etexcmds)             that some package has redefined \expanded.
(etexcmds)             In the latter case, load this package earlier.
)))
Package epstopdf-base Info: Redefining graphics rule for `.eps' on input line 4
38.
Package grfext Info: Graphics extension search list:
(grfext)             [.png,.pdf,.jpg,.mps,.jpeg,.jbig2,.jb2,.PNG,.PDF,.JPG,.JPE
G,.JBIG2,.JB2,.eps]
(grfext)             \AppendGraphicsExtensions on input line 456.
)
>>>>>>> origin/master
(SeminarArbeitWS1617abstract.tex
Missing character: There is no Ã in font ptmb7t!
Missing character: There is no ¤ in font ptmb7t!
Missing character: There is no Ã in font ptmb7t!
Missing character: There is no ¤ in font ptmb7t!
Missing character: There is no Ã in font ptmb7t!
Missing character: There is no ¼ in font ptmb7t!
Missing character: There is no Ã in font ptmb7t!
Missing character: There is no ¤ in font ptmb7t!
Missing character: There is no Ã in font ptmb7t!
Missing character: There is no ¼ in font ptmb7t!
Missing character: There is no Ã in font ptmb7t!
Missing character: There is no ¤ in font ptmb7t!
Missing character: There is no Ã in font ptmb7t!
Missing character: There is no ¼ in font ptmb7t!
Missing character: There is no Ã in font ptmb7t!
Missing character: There is no ¤ in font ptmb7t!
Missing character: There is no Ã in font ptmb7t!
Missing character: There is no ¤ in font ptmb7t!
Missing character: There is no Ã in font ptmb7t!
Missing character: There is no ¶ in font ptmb7t!
Missing character: There is no Ã in font ptmb7t!
Missing character: There is no ¶ in font ptmb7t!
Missing character: There is no Ã in font ptmb7t!
Missing character: There is no ¼ in font ptmb7t!
Missing character: There is no Ã in font ptmb7t!
Missing character: There is no ¼ in font ptmb7t!
Missing character: There is no Ã in font ptmb7t!
Missing character: There is no ¼ in font ptmb7t!
Missing character: There is no Ã in font ptmb7t!
Missing character: There is no ¶ in font ptmb7t!
Missing character: There is no Ã in font ptmb7t!
Missing character: There is no ¼ in font ptmb7t!
Missing character: There is no Ã in font ptmb7t!
Missing character: There is no ¼ in font ptmb7t!
Missing character: There is no Ã in font ptmb7t!
Missing character: There is no ¼ in font ptmb7t!
Missing character: There is no Ã in font ptmb7t!
Missing character: There is no ¼ in font ptmb7t!
Missing character: There is no Ã in font ptmb7t!
Missing character: There is no ¶ in font ptmb7t!

Underfull \hbox (badness 10000) in paragraph at lines 325--2
[]\OT1/ptm/b/it/9 Abstract\OT1/ptm/b/n/9 ---Bei der Re-al-isierung eines Soft-w
a-reen-twick-
 []


Underfull \hbox (badness 3250) in paragraph at lines 325--2
\OT1/ptm/b/n/9 Architekten auf der einen Seite und den Re-quire-ments
 []


Underfull \hbox (badness 5302) in paragraph at lines 325--2
\OT1/ptm/b/n/9 En-gi-neers auf der an-deren Seite. Soft-ware Ar-chitek-ten
 []


Underfull \hbox (badness 3078) in paragraph at lines 325--2
\OT1/ptm/b/n/9 sind zum Beispiel hu-fig mit dem Prob-lem kon-fron-tiert,
 []


Underfull \hbox (badness 4242) in paragraph at lines 325--2
\OT1/ptm/b/n/9 dass An-forderungs-doku-mente nicht aus-re-ichend sind um
 []


Underfull \hbox (badness 1430) in paragraph at lines 325--2
\OT1/ptm/b/n/9 weitre-ichende Ar-chitek-turentschei-dun-gen in Bezug auf den
 []


Underfull \hbox (badness 1642) in paragraph at lines 325--2
\OT1/ptm/b/n/9 dieser ber weit-ere In-ter-views ein przis-eres Bild von der
 []


Underfull \hbox (badness 2894) in paragraph at lines 325--2
\OT1/ptm/b/n/9 Grund-lage der An-forderun-gen fr den Ar-chitek-turen-twurf
 []


Underfull \hbox (badness 10000) in paragraph at lines 325--2

 []

Missing character: There is no Ã in font ptmb7t!
Missing character: There is no ¼ in font ptmb7t!
Missing character: There is no Ã in font ptmb7t!
Missing character: There is no ¼ in font ptmb7t!
Missing character: There is no Ã in font ptmb7t!
Missing character: There is no ¤ in font ptmb7t!
Missing character: There is no Ã in font ptmb7t!
Missing character: There is no ¤ in font ptmb7t!
Missing character: There is no Ã in font ptmb7t!
Missing character: There is no ¤ in font ptmb7t!
Missing character: There is no Ã in font ptmb7t!
Missing character: There is no ¶ in font ptmb7t!
Missing character: There is no Ã in font ptmb7t!
Missing character: There is no ¤ in font ptmb7t!
Missing character: There is no Ã in font ptmb7t!
Missing character: There is no ¼ in font ptmb7t!
Missing character: There is no Ã in font ptmb7t!
Missing character: There is no ¤ in font ptmb7t!
Missing character: There is no Ã in font ptmb7t!
Missing character: There is no ¼ in font ptmb7t!
Missing character: There is no Ã in font ptmb7t!
Missing character: There is no ¶ in font ptmb7t!
Missing character: There is no Ã in font ptmb7t!
Missing character: There is no ¤ in font ptmb7t!
Missing character: There is no Ã in font ptmb7t!
Missing character: There is no ¤ in font ptmb7t!
Missing character: There is no Ã in font ptmb7t!
Missing character: There is no Ÿ in font ptmb7t!
Missing character: There is no Ã in font ptmb7t!
Missing character: There is no ¶ in font ptmb7t!
Missing character: There is no Ã in font ptmb7t!
Missing character: There is no Ÿ in font ptmb7t!
Missing character: There is no Ã in font ptmb7t!
Missing character: There is no ¼ in font ptmb7t!

Underfull \hbox (badness 4391) in paragraph at lines 3--4
\OT1/ptm/b/n/9 und wie diese gewinnbrin-gend kom-biniert wer-den oder
 []


Underfull \hbox (badness 3364) in paragraph at lines 3--4
\OT1/ptm/b/n/9 sich mit dem Prob-lem kon-fron-tiert, dass sie nicht die
 []


Underfull \hbox (badness 1776) in paragraph at lines 3--4
\OT1/ptm/b/n/9 zu er-mglichen ist es zunchst notwendig zu iden-ti-fizieren,
 []


Underfull \hbox (badness 3919) in paragraph at lines 3--4
\OT1/ptm/b/n/9 warum die An-for-dungs-doku-mente, die der Re-quire-ments
 []


Underfull \hbox (badness 10000) in paragraph at lines 3--4
\OT1/ptm/b/n/9 Ar-chitek-turen-twurf herzustellen und wie Erken-nt-nisse
 []


Underfull \hbox (badness 10000) in paragraph at lines 3--4
\OT1/ptm/b/n/9 des Software-Architekten wieder in die Anforderungs-
 []


Underfull \hbox (badness 10000) in paragraph at lines 3--4

 []


Underfull \vbox (badness 10000) has occurred while \output is active []

Missing character: There is no Ã in font ptmb7t!
Missing character: There is no ¶ in font ptmb7t!
Missing character: There is no Ã in font ptmb7t!
Missing character: There is no ¼ in font ptmb7t!
Missing character: There is no Ã in font ptmb7t!
Missing character: There is no ¶ in font ptmb7t!
Missing character: There is no Ã in font ptmb7t!
Missing character: There is no ¶ in font ptmb7t!
Missing character: There is no Ã in font ptmb7t!
Missing character: There is no ¼ in font ptmb7t!
Missing character: There is no Ã in font ptmb7t!
Missing character: There is no ¶ in font ptmb7t!
Missing character: There is no Ã in font ptmb7t!
Missing character: There is no ¶ in font ptmb7t!
Missing character: There is no Ã in font ptmb7t!
Missing character: There is no Ÿ in font ptmb7t!
Missing character: There is no Ã in font ptmb7t!
Missing character: There is no ¶ in font ptmb7t!
Missing character: There is no Ã in font ptmb7t!
Missing character: There is no Ÿ in font ptmb7t!
Missing character: There is no Ã in font ptmb7t!
Missing character: There is no ¶ in font ptmb7t!

Underfull \hbox (badness 3942) in paragraph at lines 5--6
\OT1/ptm/b/n/9 einer Soft-ware sein kn-nen. Diese Kat-e-gorisierung bi-etet
 []


Underfull \hbox (badness 10000) in paragraph at lines 5--6

 []

Missing character: There is no Ã in font ptmb7t!
Missing character: There is no ¶ in font ptmb7t!
Missing character: There is no Ã in font ptmb7t!
Missing character: There is no ¤ in font ptmb7t!
) (einfuehrung.tex) (problemstellung.tex
Missing character: There is no Ã in font ptmr7t!
Missing character: There is no ¤ in font ptmr7t!
Missing character: There is no Ã in font ptmr7t!
Missing character: There is no ¶ in font ptmr7t!
Missing character: There is no Ã in font ptmr7t!
Missing character: There is no ¤ in font ptmr7t!
Missing character: There is no Ã in font ptmr7t!
Missing character: There is no ¶ in font ptmr7t!
Missing character: There is no Ã in font ptmr7t!
Missing character: There is no ¤ in font ptmr7t!

! Undefined control sequence.
l.2 ...rnehmen. So sind einige Probleme \textcolor
                                                  {red}{bedingt durch das Pe...
The control sequence at the end of the top line
of your error message was never \def'ed. If you have
misspelled it (e.g., `\hobx'), type `I' and the correct
spelling (e.g., `I\hbox'). Otherwise just continue,
and I'll forget about whatever was undefined.

Missing character: There is no Ã in font ptmr7t!
Missing character: There is no ¤ in font ptmr7t!
Missing character: There is no Ã in font ptmr7t!
Missing character: There is no ¤ in font ptmr7t!
Missing character: There is no Ã in font ptmr7t!
Missing character: There is no ¼ in font ptmr7t!
LaTeX Font Info:    External font `cmex10' loaded for size
(Font)              <7> on input line 7.
LaTeX Font Info:    External font `cmex10' loaded for size
(Font)              <5> on input line 7.
<<<<<<< HEAD
[1{C:/Users/Franz/AppData/Local/MiKTeX/2.9/pdftex/config/pdftex.map}
=======
 [1{C:/ProgramData/MiKTeX/2.9/pdftex/config/pdftex.map}
>>>>>>> origin/master


]
Underfull \hbox (badness 10000) in paragraph at lines 9--10

 []

Missing character: There is no Ã in font ptmr7t!
Missing character: There is no ¤ in font ptmr7t!
Missing character: There is no Ã in font ptmr7t!
Missing character: There is no ¶ in font ptmr7t!
Missing character: There is no Ã in font ptmr7t!
Missing character: There is no Ÿ in font ptmr7t!

Underfull \hbox (badness 1472) in paragraph at lines 13--14
\OT1/ptm/m/n/10 und Soft-ware Ar-chitekt kein richtiger Di-a-log stat-tfindet,
 []


Underfull \hbox (badness 10000) in paragraph at lines 13--14

 []

Missing character: There is no Ã in font ptmr7t!
Missing character: There is no ¤ in font ptmr7t!
Missing character: There is no Ã in font ptmr7t!
Missing character: There is no ¼ in font ptmr7t!
Missing character: There is no Ã in font ptmr7t!
Missing character: There is no ¤ in font ptmr7t!
Missing character: There is no Ã in font ptmr7t!
Missing character: There is no ¼ in font ptmr7t!
Missing character: There is no Ã in font ptmr7t!
Missing character: There is no ¤ in font ptmr7t!
Missing character: There is no Ã in font ptmr7t!
Missing character: There is no ¤ in font ptmr7t!
Missing character: There is no Ã in font ptmr7t!
Missing character: There is no ¶ in font ptmr7t!
Missing character: There is no Ã in font ptmr7t!
Missing character: There is no ¼ in font ptmr7t!
Missing character: There is no Ã in font ptmr7t!
Missing character: There is no ¼ in font ptmr7t!
Missing character: There is no Ã in font ptmr7t!
Missing character: There is no ¶ in font ptmr7t!
Missing character: There is no Ã in font ptmr7t!
Missing character: There is no ¶ in font ptmr7t!
Missing character: There is no Ã in font ptmr7t!
Missing character: There is no ¤ in font ptmr7t!

Underfull \hbox (badness 4505) in paragraph at lines 15--16
\OT1/ptm/m/n/10 Prob-lem aufkom-men, dass der Re-quire-ments En-gi-neer,
 []


Underfull \hbox (badness 3590) in paragraph at lines 15--16
\OT1/ptm/m/n/10 whrend der An-forderungs-gewinn-nung, keine Rck-sprache
 []


Underfull \hbox (badness 3815) in paragraph at lines 15--16
\OT1/ptm/m/n/10 mit dem Soft-ware Ar-chitek-ten hlt. Ohne aus-re-ichende
 []


Underfull \hbox (badness 2809) in paragraph at lines 15--16
\OT1/ptm/m/n/10 Dies kann von fehlen-den bis fehler-haft An-forderun-gen
 []


Underfull \hbox (badness 1466) in paragraph at lines 15--16
\OT1/ptm/m/n/10 nicht aus-re-ichend ver-mit-telt, welche In-for-ma-tio-nen er f
r
 []


Underfull \hbox (badness 10000) in paragraph at lines 15--16

 []

Missing character: There is no Ã in font ptmr7t!
Missing character: There is no ¤ in font ptmr7t!
Missing character: There is no Ã in font ptmr7t!
Missing character: There is no ¼ in font ptmr7t!
Missing character: There is no Ã in font ptmr7t!
Missing character: There is no ¼ in font ptmr7t!
Missing character: There is no Ã in font ptmr7t!
Missing character: There is no ¤ in font ptmr7t!
Missing character: There is no Ã in font ptmr7t!
Missing character: There is no ¶ in font ptmr7t!
Missing character: There is no Ã in font ptmr7t!
Missing character: There is no Ÿ in font ptmr7t!
Missing character: There is no Ã in font ptmr7t!
Missing character: There is no ¼ in font ptmr7t!
Missing character: There is no Ã in font ptmr7t!
Missing character: There is no ¶ in font ptmr7t!
Missing character: There is no Ã in font ptmr7t!
Missing character: There is no ¼ in font ptmr7t!
Missing character: There is no Ã in font ptmr7t!
Missing character: There is no ¼ in font ptmr7t!

Underfull \hbox (badness 1509) in paragraph at lines 17--18
\OT1/ptm/m/n/10 d.h. aneinan-der vor-bei re-den. Dies kann kann der Fall
 []


Underfull \hbox (badness 2088) in paragraph at lines 17--18
\OT1/ptm/m/n/10 sein, wenn zwei Gesprchspart-ner sich nicht gegen-seitig
 []


Underfull \hbox (badness 2582) in paragraph at lines 17--18
\OT1/ptm/m/n/10 zuhren oder aber die be-sproch-enen In-halte an-schlieend
 []


Underfull \hbox (badness 10000) in paragraph at lines 17--18

 []


Underfull \hbox (badness 10000) in paragraph at lines 21--22

 []


Underfull \hbox (badness 10000) in paragraph at lines 25--26

 []

Missing character: There is no Ã in font ptmr7t!
Missing character: There is no ¼ in font ptmr7t!
Missing character: There is no Ã in font ptmr7t!
Missing character: There is no ¶ in font ptmr7t!
Missing character: There is no Ã in font ptmr7t!
Missing character: There is no ¤ in font ptmr7t!
Missing character: There is no Ã in font ptmr7t!
Missing character: There is no ¤ in font ptmr7t!
Missing character: There is no Ã in font ptmr7t!
Missing character: There is no ¤ in font ptmr7t!
Missing character: There is no Ã in font ptmr7t!
Missing character: There is no ¶ in font ptmr7t!
Missing character: There is no Ã in font ptmr7t!
Missing character: There is no ¼ in font ptmr7t!
Missing character: There is no Ã in font ptmr7t!
Missing character: There is no ¤ in font ptmr7t!
Missing character: There is no Ã in font ptmr7t!
Missing character: There is no ¤ in font ptmr7t!
Missing character: There is no Ã in font ptmr7t!
Missing character: There is no ¶ in font ptmr7t!
Missing character: There is no Ã in font ptmr7t!
Missing character: There is no ¶ in font ptmr7t!
Missing character: There is no Ã in font ptmr7t!
Missing character: There is no ¶ in font ptmr7t!
Missing character: There is no Ã in font ptmr7t!
Missing character: There is no ¤ in font ptmr7t!
Missing character: There is no Ã in font ptmr7t!
Missing character: There is no ¶ in font ptmr7t!
Missing character: There is no Ã in font ptmr7t!
Missing character: There is no ¤ in font ptmr7t!
Missing character: There is no Ã in font ptmr7t!
Missing character: There is no ¼ in font ptmr7t!
Missing character: There is no Ã in font ptmr7t!
Missing character: There is no ¼ in font ptmr7t!
Missing character: There is no Ã in font ptmr7t!
Missing character: There is no ¶ in font ptmr7t!
Missing character: There is no Ã in font ptmr7t!
Missing character: There is no ¼ in font ptmr7t!
Missing character: There is no Ã in font ptmr7t!
Missing character: There is no ¶ in font ptmr7t!
Missing character: There is no Ã in font ptmr7t!
Missing character: There is no ¼ in font ptmr7t!
Missing character: There is no Ã in font ptmr7t!
Missing character: There is no ¶ in font ptmr7t!
Missing character: There is no Ã in font ptmr7t!
Missing character: There is no ¶ in font ptmr7t!
Missing character: There is no Ã in font ptmr7t!
Missing character: There is no ¤ in font ptmr7t!
Missing character: There is no Ã in font ptmr7t!
Missing character: There is no ¶ in font ptmr7t!
Missing character: There is no Ã in font ptmr7t!
Missing character: There is no Ÿ in font ptmr7t!
Missing character: There is no Ã in font ptmr7t!
Missing character: There is no ¼ in font ptmr7t!
Missing character: There is no Ã in font ptmr7t!
Missing character: There is no ¶ in font ptmr7t!
Missing character: There is no Ã in font ptmr7t!
Missing character: There is no ¶ in font ptmr7t!
Missing character: There is no Ã in font ptmr7t!
Missing character: There is no ¤ in font ptmr7t!
Missing character: There is no Ã in font ptmr7t!
Missing character: There is no ¤ in font ptmr7t!
Missing character: There is no Ã in font ptmr7t!
Missing character: There is no ¤ in font ptmr7t!

Underfull \hbox (badness 2726) in paragraph at lines 32--33
[]\OT1/ptm/m/n/10 Zu re-strik-tive / de-tail-lierte ar-chitek-tur-rel-e-vante A
n-
 []

<<<<<<< HEAD

Underfull \hbox (badness 10000) in paragraph at lines 35--36
[]\OT1/ptm/m/n/10 Nicht klar her-vorge-hobene ar-chitek-tur-rel-e-vante
 []


Underfull \hbox (badness 10000) in paragraph at lines 35--36

 []

Missing character: There is no Ã in font ptmr7t!
Missing character: There is no ¶ in font ptmr7t!
Missing character: There is no Ã in font ptmr7t!
Missing character: There is no ¶ in font ptmr7t!
Missing character: There is no Ã in font ptmr7t!
Missing character: There is no ¤ in font ptmr7t!
Missing character: There is no Ã in font ptmr7t!
Missing character: There is no ¶ in font ptmr7t!
Missing character: There is no Ã in font ptmr7t!
Missing character: There is no ¼ in font ptmr7t!
Missing character: There is no Ã in font ptmr7t!
Missing character: There is no ¶ in font ptmr7t!
Missing character: There is no Ã in font ptmr7t!
Missing character: There is no ¼ in font ptmr7t!
Missing character: There is no Ã in font ptmr7t!
Missing character: There is no ¶ in font ptmr7t!
Missing character: There is no Ã in font ptmr7t!
Missing character: There is no ¶ in font ptmr7t!
Missing character: There is no Ã in font ptmr7t!
Missing character: There is no ¤ in font ptmr7t!

Underfull \hbox (badness 1552) in paragraph at lines 39--40
 \OT1/ptm/m/it/10 1) Zu re-strik-tive / de-tail-lierte ar-chitek-tur-rel-e-vant
e An-
 []

[2]
Missing character: There is no Ã in font ptmr7t!
Missing character: There is no ¤ in font ptmr7t!
Missing character: There is no Ã in font ptmr7t!
Missing character: There is no ¤ in font ptmr7t!
Missing character: There is no Ã in font ptmr7t!
Missing character: There is no ¤ in font ptmr7t!
Missing character: There is no Ã in font ptmr7t!
Missing character: There is no ¼ in font ptmr7t!
Missing character: There is no Ã in font ptmr7t!
Missing character: There is no ¤ in font ptmr7t!
Missing character: There is no Ã in font ptmr7t!
Missing character: There is no ¤ in font ptmr7t!
Missing character: There is no Ã in font ptmr7t!
Missing character: There is no ¼ in font ptmr7t!
Missing character: There is no Ã in font ptmr7t!
Missing character: There is no ¼ in font ptmr7t!
Missing character: There is no Ã in font ptmr7t!
Missing character: There is no ¤ in font ptmr7t!
Missing character: There is no Ã in font ptmr7t!
Missing character: There is no ¶ in font ptmr7t!
Missing character: There is no Ã in font ptmr7t!
Missing character: There is no ¤ in font ptmr7t!
Missing character: There is no Ã in font ptmr7t!
Missing character: There is no ¼ in font ptmr7t!
Missing character: There is no Ã in font ptmr7t!
Missing character: There is no ¤ in font ptmr7t!
Missing character: There is no Ã in font ptmr7t!
Missing character: There is no ¤ in font ptmr7t!
Missing character: There is no Ã in font ptmr7t!
Missing character: There is no ¼ in font ptmr7t!
Missing character: There is no Ã in font ptmr7t!
Missing character: There is no ¼ in font ptmr7t!
Missing character: There is no Ã in font ptmr7t!
Missing character: There is no ¤ in font ptmr7t!
Missing character: There is no Ã in font ptmr7t!
Missing character: There is no ¼ in font ptmr7t!
Missing character: There is no Ã in font ptmr7t!
Missing character: There is no ¶ in font ptmr7t!
Missing character: There is no Ã in font ptmr7t!
Missing character: There is no ¤ in font ptmr7t!
Missing character: There is no Ã in font ptmr7t!
Missing character: There is no ¼ in font ptmr7t!

Underfull \hbox (badness 10000) in paragraph at lines 48--50
 \OT1/ptm/m/it/10 4) Nicht klar her-vorge-hobene ar-chitek-tur-rel-e-vante
 []


Underfull \hbox (badness 2418) in paragraph at lines 48--50
\OT1/ptm/m/n/10 passieren, dass dieser wichtige An-forderun-gen erst spt,
 []


Underfull \hbox (badness 10000) in paragraph at lines 48--50

 []


Underfull \hbox (badness 10000) in paragraph at lines 48--50
=======
Underfull \hbox (badness 10000) in paragraph at lines 34--35
[]\OT1/ptm/m/n/10 Nicht klar her-vorge-hobene ar-chitek-tur-rel-e-vante
 []


Underfull \hbox (badness 10000) in paragraph at lines 34--35

 []


Underfull \hbox (badness 10000) in paragraph at lines 39--40

 []


Underfull \hbox (badness 10000) in paragraph at lines 43--44

 []


Underfull \hbox (badness 10000) in paragraph at lines 47--48

 []


Underfull \hbox (badness 10000) in paragraph at lines 51--52
 \OT1/ptm/m/it/10 4) Nicht klar her-vorge-hobene ar-chitek-tur-rel-e-vante
 []


Underfull \hbox (badness 10000) in paragraph at lines 51--52
>>>>>>> origin/master

 []

Missing character: There is no Ã in font ptmr7t!
Missing character: There is no ¼ in font ptmr7t!
Missing character: There is no Ã in font ptmr7t!
Missing character: There is no ¤ in font ptmr7t!
) (untersuchung.tex (add3.tex) (probing.tex) (twinpeaks.tex) (goal.tex))
(auswertung.tex) (fazit.tex) (ausblick.tex)
LaTeX Font Info:    External font `cmex10' loaded for size
(Font)              <8> on input line 474.
LaTeX Font Info:    External font `cmex10' loaded for size
(Font)              <6> on input line 474.


** Conference Paper **
Before submitting the final camera ready copy, remember to:

 1. Manually equalize the lengths of two columns on the last page
 of your paper;

 2. Ensure that any PostScript and/or PDF output post-processing
 uses only Type 1 fonts and that every step in the generation
 process uses the appropriate paper size.

[3

] (SeminarArbeitWS1617conf.aux) ) 
Here is how much of TeX's memory you used:
<<<<<<< HEAD
 1098 strings out of 493334
 20002 string characters out of 3136672
 80824 words of memory out of 3000000
 4657 multiletter control sequences out of 15000+200000
 37650 words of font info for 71 fonts, out of 3000000 for 9000
 1144 hyphenation exceptions out of 8191
 26i,7n,19p,1659b,236s stack positions out of 5000i,500n,10000p,200000b,50000s
{C:/Program Files (x86)/MiKTeX 2.9/fonts/enc/d
vips/fontname/8r.enc}<C:/Program Files (x86)/MiKTeX 2.9/fonts/type1/public/amsf
onts/cm/cmsy7.pfb><C:/Program Files (x86)/MiKTeX 2.9/fonts/type1/urw/times/utmb
8a.pfb><C:/Program Files (x86)/MiKTeX 2.9/fonts/type1/urw/times/utmbi8a.pfb><C:
/Program Files (x86)/MiKTeX 2.9/fonts/type1/urw/times/utmr8a.pfb><C:/Program Fi
les (x86)/MiKTeX 2.9/fonts/type1/urw/times/utmri8a.pfb>
Output written on SeminarArbeitWS1617conf.pdf (3 pages, 76827 bytes).
=======
 2452 strings out of 493334
 40220 string characters out of 3139254
 107226 words of memory out of 3000000
 5935 multiletter control sequences out of 15000+200000
 39235 words of font info for 73 fonts, out of 3000000 for 9000
 1144 hyphenation exceptions out of 8191
 40i,10n,25p,1659b,295s stack positions out of 5000i,500n,10000p,200000b,50000s
{C:/Program Files/MiKTeX 2.9/fonts/enc/dvips
/fontname/8r.enc}<C:/Program Files/MiKTeX 2.9/fonts/type1/public/amsfonts/cm/cm
sy7.pfb><C:/Program Files/MiKTeX 2.9/fonts/type1/urw/times/utmb8a.pfb><C:/Progr
am Files/MiKTeX 2.9/fonts/type1/urw/times/utmbi8a.pfb><C:/Program Files/MiKTeX 
2.9/fonts/type1/urw/times/utmr8a.pfb><C:/Program Files/MiKTeX 2.9/fonts/type1/u
rw/times/utmri8a.pfb>
Output written on SeminarArbeitWS1617conf.pdf (2 pages, 73512 bytes).
>>>>>>> origin/master
PDF statistics:
 33 PDF objects out of 1000 (max. 8388607)
 0 named destinations out of 1000 (max. 500000)
 1 words of extra memory for PDF output out of 10000 (max. 10000000)

